#
# A fatal error has been detected by the Java Runtime Environment:
#
#  Internal Error (javaClasses.cpp:129), pid=8816, tid=7788
#  fatal error: Invalid layout of preloaded class
#
# JRE version: 7.0_21-b11
# Java VM: Java HotSpot(TM) 64-Bit Server VM (23.21-b01 mixed mode windows-amd64 compressed oops)
# Failed to write core dump. Minidumps are not enabled by default on client versions of Windows
#
# If you would like to submit a bug report, please visit:
#   http://bugreport.sun.com/bugreport/crash.jsp
#

---------------  T H R E A D  ---------------

Current thread (0x000000000227d000):  JavaThread "Unknown thread" [_thread_in_vm, id=7788, stack(0x0000000002490000,0x0000000002590000)]

Stack: [0x0000000002490000,0x0000000002590000]

---------------  P R O C E S S  ---------------

Java Threads: ( => current thread )

Other Threads:

=>0x000000000227d000 (exited) JavaThread "Unknown thread" [_thread_in_vm, id=7788, stack(0x0000000002490000,0x0000000002590000)]

VM state:not at safepoint (not fully initialized)

VM Mutex/Monitor currently owned by a thread: None

GC Heap History (0 events):
No events

Deoptimization events (0 events):
No events

Internal exceptions (0 events):
No events

Events (10 events):
Event: 0.029 loading class 0x00000000021e3fc0 done
Event: 0.029 loading class 0x00000000021a2840 done
Event: 0.030 loading class 0x00000000021a2810
Event: 0.030 loading class 0x00000000021f1b40
Event: 0.030 loading class 0x00000000021f1b40 done
Event: 0.030 loading class 0x00000000021f1b80
Event: 0.030 loading class 0x00000000021f1b80 done
Event: 0.030 loading class 0x0000000002235ff0
Event: 0.030 loading class 0x0000000002235ff0 done
Event: 0.031 loading class 0x00000000021a2810 done


Dynamic libraries:
0x000000013fea0000 - 0x000000013fed3000 	C:\Program Files\Java\jdk1.7.0_21\bin\javaw.exe
0x00000000771b0000 - 0x0000000077359000 	C:\windows\SYSTEM32\ntdll.dll
0x0000000076de0000 - 0x0000000076eff000 	C:\windows\system32\kernel32.dll
0x000007fefd910000 - 0x000007fefd97b000 	C:\windows\system32\KERNELBASE.dll
0x000007fefe0b0000 - 0x000007fefe18b000 	C:\windows\system32\ADVAPI32.dll
0x000007fefdd20000 - 0x000007fefddbf000 	C:\windows\system32\msvcrt.dll
0x000007fefe190000 - 0x000007fefe1af000 	C:\windows\SYSTEM32\sechost.dll
0x000007fefe510000 - 0x000007fefe63d000 	C:\windows\system32\RPCRT4.dll
0x0000000076ce0000 - 0x0000000076dda000 	C:\windows\system32\USER32.dll
0x000007fefe1e0000 - 0x000007fefe247000 	C:\windows\system32\GDI32.dll
0x000007fefe640000 - 0x000007fefe64e000 	C:\windows\system32\LPK.dll
0x000007feff3e0000 - 0x000007feff4a9000 	C:\windows\system32\USP10.dll
0x000007fefbb90000 - 0x000007fefbd84000 	C:\windows\WinSxS\amd64_microsoft.windows.common-controls_6595b64144ccf1df_6.0.7601.17514_none_fa396087175ac9ac\COMCTL32.dll
0x000007fefe3b0000 - 0x000007fefe421000 	C:\windows\system32\SHLWAPI.dll
0x000007fefe1b0000 - 0x000007fefe1de000 	C:\windows\system32\IMM32.DLL
0x000007fefdfa0000 - 0x000007fefe0a9000 	C:\windows\system32\MSCTF.dll
0x0000000064a50000 - 0x0000000064b21000 	C:\Program Files\Java\jdk1.7.0_21\jre\bin\msvcr100.dll
0x0000000060930000 - 0x0000000061051000 	C:\Program Files\Java\jdk1.7.0_21\jre\bin\server\jvm.dll
0x000007fef41c0000 - 0x000007fef41c9000 	C:\windows\system32\WSOCK32.dll
0x000007fefd9e0000 - 0x000007fefda2d000 	C:\windows\system32\WS2_32.dll
0x000007feff4b0000 - 0x000007feff4b8000 	C:\windows\system32\NSI.dll
0x000007fef60a0000 - 0x000007fef60db000 	C:\windows\system32\WINMM.dll
0x0000000077370000 - 0x0000000077377000 	C:\windows\system32\PSAPI.DLL
0x0000000072040000 - 0x000000007204f000 	C:\Program Files\Java\jdk1.7.0_21\jre\bin\verify.dll
0x0000000072010000 - 0x0000000072038000 	C:\Program Files\Java\jdk1.7.0_21\jre\bin\java.dll
0x000000006b4a0000 - 0x000000006b4b5000 	C:\Program Files\Java\jdk1.7.0_21\jre\bin\zip.dll

VM Arguments:
jvm_args: -Dfile.encoding=Cp1252 -Xbootclasspath:C:\Program Files (x86)\Android\android-sdk\platforms\android-17\android.jar 
java_command: org.eclipse.jdt.internal.junit.runner.RemoteTestRunner -version 3 -port 62463 -testLoaderClass org.eclipse.jdt.internal.junit.runner.junit3.JUnit3TestLoader -loaderpluginname org.eclipse.jdt.junit.runtime -classNames br.com.saddm.test.testGerenciadorCP
Launcher Type: SUN_STANDARD

Environment Variables:
JAVA_HOME=C:\Program Files\Java\jdk1.7.0_21
PATH=C:/Program Files/Java/jdk1.6.0_33/jre/bin/server;C:/Program Files/Java/jdk1.6.0_33/jre/bin;C:/Program Files/Java/jdk1.6.0_33/jre/lib/amd64;C:\Python27\;C:\Python27\Scripts;C:\Program Files (x86)\AMD APP\bin\x86_64;C:\Program Files (x86)\AMD APP\bin\x86;C:\Program Files\Common Files\Microsoft Shared\Windows Live;C:\Program Files (x86)\Common Files\Microsoft Shared\Windows Live;C:\windows\system32;C:\windows;C:\windows\System32\Wbem;C:\windows\System32\WindowsPowerShell\v1.0\;C:\Program Files (x86)\Windows Live\Shared;C:\Program Files (x86)\ATI Technologies\ATI.ACE\Core-Static;C:\Program Files\Java\jdk1.7.0_21\bin;C:\Program Files\TortoiseSVN\bin;C:\Program Files\Microsoft\Web Platform Installer\;c:\Program Files (x86)\Microsoft SQL Server\100\Tools\Binn\;c:\Program Files\Microsoft SQL Server\100\Tools\Binn\;c:\Program Files\Microsoft SQL Server\100\DTS\Binn\;c:\Program Files (x86)\Microsoft ASP.NET\ASP.NET Web Pages\v1.0\;C:\Program Files\Microsoft SQL Server\110\Tools\Binn\;C:\Users\hyodo\AppData\Roaming\Python\Scripts;C:\Java\eclipse;
USERNAME=hyodo
OS=Windows_NT
PROCESSOR_IDENTIFIER=AMD64 Family 21 Model 16 Stepping 1, AuthenticAMD



---------------  S Y S T E M  ---------------

OS: Windows 7 , 64 bit Build 7601 Service Pack 1

CPU:total 4 (4 cores per cpu, 1 threads per core) family 21 model 16 stepping 1, cmov, cx8, fxsr, mmx, sse, sse2, sse3, ssse3, sse4.1, sse4.2, popcnt, avx, mmxext, 3dnowpref, lzcnt, sse4a, tsc, tscinvbit, tscinv

Memory: 4k page, physical 7832916k(4813552k free), swap 15663972k(11640616k free)

vm_info: Java HotSpot(TM) 64-Bit Server VM (23.21-b01) for windows-amd64 JRE (1.7.0_21-b11), built on Apr  4 2013 08:11:28 by "java_re" with unknown MS VC++:1600

time: Tue Oct 15 23:49:55 2013
elapsed time: 0 seconds

